<?xml version="1.0" encoding="UTF-8"?>
<testsuite name="Cucumber" time="10.833" tests="1" skipped="0" failures="1" errors="0">
<testcase classname="hooks_test" name="TC02_google_tesla_arama" time="10.63">
<failure type="java.lang.AssertionError">
<![CDATA[java.lang.AssertionError
	at org.junit.Assert.fail(Assert.java:87)
	at org.junit.Assert.assertTrue(Assert.java:42)
	at org.junit.Assert.assertTrue(Assert.java:53)
	at stepdefinitions.GoogleStepDefinitions.sonuclarda_oldugunu_dogrular(GoogleStepDefinitions.java:55)
	at âœ½.sonuclarda "volvo" oldugunu dogrular(file:///C:/Users/LENOVO/IdeaProjects/batch103Cucumber/src/test/resources/features/c05_failed_scenarios.feature:16)
]]>
</failure>
<system-out><![CDATA[
Given kullanici google gider................................................passed
When kullanici "tesla" icin arama yapar.....................................passed
Then sonuclarda "volvo" oldugunu dogrular...................................failed
Then close the application..................................................skipped
]]></system-out>
</testcase>
</testsuite>
